# JRE version: OpenJDK Runtime Environment (21.0.1+12) (build 21.0.1+12-29)
# Java VM: OpenJDK 64-Bit Server VM (21.0.1+12-29, mixed mode, emulated-client, sharing, tiered, compressed oops, compressed class ptrs, g1 gc, windows-amd64)
GC Precious Log:
 CardTable entry size: 512
 Card Set container configuration: InlinePtr #cards 5 size 8 Array Of Cards #cards 12 size 40 Howl #buckets 4 coarsen threshold 1843 Howl Bitmap #cards 512 size 80 coarsen threshold 460 Card regions per heap region 1 cards per card region 2048
 CPUs: 8 total, 8 available
 Memory: 7991M
 Large Page Support: Disabled
 NUMA Support: Disabled
 Compressed Oops: Enabled (32-bit)
 Heap Region Size: 1M
 Heap Min Capacity: 8M
 Heap Initial Capacity: 126M
 Heap Max Capacity: 1998M
 Pre-touch: Disabled
 Parallel Workers: 8
 Concurrent Workers: 2
 Concurrent Refinement Workers: 8
 Periodic GC: Disabled
Heap:
 garbage-first heap   total 71680K, used 28129K [0x0000000083200000, 0x0000000100000000)
  region size 1024K, 9 young (9216K), 4 survivors (4096K)
 Metaspace       used 45491K, committed 46080K, reserved 1114112K
  class space    used 6302K, committed 6592K, reserved 1048576K
GC Heap History (16 events):
Event: 0.551 GC heap before
{Heap before GC invocations=0 (full 0):
 garbage-first heap   total 129024K, used 24576K [0x0000000083200000, 0x0000000100000000)
  region size 1024K, 23 young (23552K), 0 survivors (0K)
 Metaspace       used 7197K, committed 7360K, reserved 1114112K
  class space    used 876K, committed 960K, reserved 1048576K
}
Event: 0.557 GC heap after
{Heap after GC invocations=1 (full 0):
 garbage-first heap   total 129024K, used 8319K [0x0000000083200000, 0x0000000100000000)
  region size 1024K, 3 young (3072K), 3 survivors (3072K)
 Metaspace       used 7197K, committed 7360K, reserved 1114112K
  class space    used 876K, committed 960K, reserved 1048576K
}
Event: 0.913 GC heap before
{Heap before GC invocations=1 (full 0):
 garbage-first heap   total 129024K, used 35967K [0x0000000083200000, 0x0000000100000000)
  region size 1024K, 31 young (31744K), 3 survivors (3072K)
 Metaspace       used 14182K, committed 14464K, reserved 1114112K
  class space    used 1860K, committed 1984K, reserved 1048576K
}
Event: 0.918 GC heap after
{Heap after GC invocations=2 (full 0):
 garbage-first heap   total 129024K, used 10803K [0x0000000083200000, 0x0000000100000000)
  region size 1024K, 3 young (3072K), 3 survivors (3072K)
 Metaspace       used 14182K, committed 14464K, reserved 1114112K
  class space    used 1860K, committed 1984K, reserved 1048576K
}
Event: 1.187 GC heap before
{Heap before GC invocations=2 (full 0):
 garbage-first heap   total 129024K, used 45619K [0x0000000083200000, 0x0000000100000000)
  region size 1024K, 39 young (39936K), 3 survivors (3072K)
 Metaspace       used 20953K, committed 21312K, reserved 1114112K
  class space    used 2791K, committed 2944K, reserved 1048576K
}
Event: 1.192 GC heap after
{Heap after GC invocations=3 (full 0):
 garbage-first heap   total 129024K, used 14878K [0x0000000083200000, 0x0000000100000000)
  region size 1024K, 7 young (7168K), 7 survivors (7168K)
 Metaspace       used 20953K, committed 21312K, reserved 1114112K
  class space    used 2791K, committed 2944K, reserved 1048576K
}
Event: 1.549 GC heap before
{Heap before GC invocations=4 (full 0):
 garbage-first heap   total 58368K, used 42526K [0x0000000083200000, 0x0000000100000000)
  region size 1024K, 34 young (34816K), 7 survivors (7168K)
 Metaspace       used 23460K, committed 23872K, reserved 1114112K
  class space    used 3150K, committed 3328K, reserved 1048576K
}
Event: 1.559 GC heap after
{Heap after GC invocations=5 (full 0):
 garbage-first heap   total 58368K, used 17217K [0x0000000083200000, 0x0000000100000000)
  region size 1024K, 3 young (3072K), 3 survivors (3072K)
 Metaspace       used 23460K, committed 23872K, reserved 1114112K
  class space    used 3150K, committed 3328K, reserved 1048576K
}
Event: 2.044 GC heap before
{Heap before GC invocations=5 (full 0):
 garbage-first heap   total 58368K, used 44865K [0x0000000083200000, 0x0000000100000000)
  region size 1024K, 30 young (30720K), 3 survivors (3072K)
 Metaspace       used 27228K, committed 27712K, reserved 1114112K
  class space    used 3700K, committed 3904K, reserved 1048576K
}
Event: 2.051 GC heap after
{Heap after GC invocations=6 (full 0):
 garbage-first heap   total 58368K, used 18472K [0x0000000083200000, 0x0000000100000000)
  region size 1024K, 3 young (3072K), 3 survivors (3072K)
 Metaspace       used 27228K, committed 27712K, reserved 1114112K
  class space    used 3700K, committed 3904K, reserved 1048576K
}
Event: 2.449 GC heap before
{Heap before GC invocations=6 (full 0):
 garbage-first heap   total 58368K, used 46120K [0x0000000083200000, 0x0000000100000000)
  region size 1024K, 30 young (30720K), 3 survivors (3072K)
 Metaspace       used 31441K, committed 32000K, reserved 1114112K
  class space    used 4304K, committed 4544K, reserved 1048576K
}
Event: 2.459 GC heap after
{Heap after GC invocations=7 (full 0):
 garbage-first heap   total 71680K, used 20940K [0x0000000083200000, 0x0000000100000000)
  region size 1024K, 3 young (3072K), 3 survivors (3072K)
 Metaspace       used 31441K, committed 32000K, reserved 1114112K
  class space    used 4304K, committed 4544K, reserved 1048576K
}
Event: 2.644 GC heap before
{Heap before GC invocations=7 (full 0):
 garbage-first heap   total 71680K, used 35276K [0x0000000083200000, 0x0000000100000000)
  region size 1024K, 19 young (19456K), 3 survivors (3072K)
 Metaspace       used 34946K, committed 35520K, reserved 1114112K
  class space    used 4700K, committed 4992K, reserved 1048576K
}
Event: 2.649 GC heap after
{Heap after GC invocations=8 (full 0):
 garbage-first heap   total 71680K, used 22781K [0x0000000083200000, 0x0000000100000000)
  region size 1024K, 5 young (5120K), 5 survivors (5120K)
 Metaspace       used 34946K, committed 35520K, reserved 1114112K
  class space    used 4700K, committed 4992K, reserved 1048576K
}
Event: 3.230 GC heap before
{Heap before GC invocations=9 (full 0):
 garbage-first heap   total 71680K, used 59645K [0x0000000083200000, 0x0000000100000000)
  region size 1024K, 41 young (41984K), 5 survivors (5120K)
 Metaspace       used 44352K, committed 44992K, reserved 1114112K
  class space    used 6117K, committed 6400K, reserved 1048576K
}
Event: 3.239 GC heap after
{Heap after GC invocations=10 (full 0):
 garbage-first heap   total 71680K, used 24033K [0x0000000083200000, 0x0000000100000000)
  region size 1024K, 4 young (4096K), 4 survivors (4096K)
 Metaspace       used 44352K, committed 44992K, reserved 1114112K
  class space    used 6117K, committed 6400K, reserved 1048576K
}

